<?xml version="1.0" encoding="UTF-8"?>
<!-- Generated by org.testng.reporters.JUnitReportReporter -->
<testsuite skipped="0" hostname="PD3020-HV6F622" name="com.assignment.testcases.newCustomerScreen" tests="2" failures="0" timestamp="31 Jan 2019 07:28:47 GMT" time="9.884" errors="0">
  <testcase name="verifyNewCustomerScreen" time="6.893" classname="com.assignment.testcases.newCustomerScreen"/>
  <testcase name="verifyCustomerFilters" time="2.991" classname="com.assignment.testcases.newCustomerScreen"/>
</testsuite> <!-- com.assignment.testcases.newCustomerScreen -->
